2025-11-04 15:50:03,767 [INFO] __main__: Starting training pipeline
2025-11-04 15:50:03,770 [INFO] src.data_preparation: Loading data from data/car_data.csv
2025-11-04 15:50:03,777 [INFO] src.data_preparation: Dataset shape: (4340, 8)
2025-11-04 15:50:03,793 [INFO] src.data_preparation: Data profile saved to models\car_price_model\data_profile.json
2025-11-04 15:50:03,801 [INFO] src.data_preparation: Processed feature matrix shape: (4340, 18)
2025-11-04 15:50:03,802 [INFO] src.data_preparation: Train shape: (3038, 18), Val shape: (651, 18), Test shape: (651, 18)
2025-11-04 15:50:03,804 [INFO] src.model: Creating model with input_dim=18, hidden_sizes=[128, 512, 512, 128, 64, 32]
2025-11-04 15:50:03,808 [INFO] __main__: Starting training...
2025-11-04 15:50:04,453 [INFO] __main__: Epoch [10/1000], Train Loss: 611333636096.0000, Train RMSE: 781878.2745, Val RMSE: 696717.6250,
2025-11-04 15:50:05,052 [INFO] __main__: Epoch [20/1000], Train Loss: 611303227392.0000, Train RMSE: 781858.8283, Val RMSE: 696690.1875,
2025-11-04 15:50:05,711 [INFO] __main__: Epoch [30/1000], Train Loss: 610911322112.0000, Train RMSE: 781608.1641, Val RMSE: 696354.3125,
2025-11-04 15:50:06,413 [INFO] __main__: Epoch [40/1000], Train Loss: 607737675776.0000, Train RMSE: 779575.3176, Val RMSE: 693740.0625,
2025-11-04 15:50:07,726 [INFO] __main__: Epoch [50/1000], Train Loss: 589394214912.0000, Train RMSE: 767720.1410, Val RMSE: 678914.5625,
2025-11-04 15:50:08,359 [INFO] __main__: Epoch [60/1000], Train Loss: 511027281920.0000, Train RMSE: 714861.7222, Val RMSE: 614429.2500,
2025-11-04 15:50:09,050 [INFO] __main__: Epoch [70/1000], Train Loss: 323378479104.0000, Train RMSE: 568663.7663, Val RMSE: 452453.2500,
2025-11-04 15:50:09,739 [INFO] __main__: Epoch [80/1000], Train Loss: 297839394816.0000, Train RMSE: 545746.6398, Val RMSE: 444222.3750,
2025-11-04 15:50:10,422 [INFO] __main__: Epoch [90/1000], Train Loss: 271339028480.0000, Train RMSE: 520902.1295, Val RMSE: 415858.2500,
2025-11-04 15:50:11,066 [INFO] __main__: Epoch [100/1000], Train Loss: 249045762048.0000, Train RMSE: 499044.8497, Val RMSE: 400524.6875,
2025-11-04 15:50:11,714 [INFO] __main__: Epoch [110/1000], Train Loss: 242119147520.0000, Train RMSE: 492056.0410, Val RMSE: 388974.5312,
2025-11-04 15:50:12,383 [INFO] __main__: Epoch [120/1000], Train Loss: 229672878080.0000, Train RMSE: 479241.9828, Val RMSE: 377203.2500,
2025-11-04 15:50:12,981 [INFO] __main__: Epoch [130/1000], Train Loss: 219807989760.0000, Train RMSE: 468836.8477, Val RMSE: 368068.1875,
2025-11-04 15:50:13,630 [INFO] __main__: Epoch [140/1000], Train Loss: 209238900736.0000, Train RMSE: 457426.3883, Val RMSE: 357005.7188,
2025-11-04 15:50:14,261 [INFO] __main__: Epoch [150/1000], Train Loss: 202205659136.0000, Train RMSE: 449672.8357, Val RMSE: 347972.4062,
2025-11-04 15:50:14,911 [INFO] __main__: Epoch [160/1000], Train Loss: 193133084672.0000, Train RMSE: 439469.0941, Val RMSE: 339260.9062,
2025-11-04 15:50:15,563 [INFO] __main__: Epoch [170/1000], Train Loss: 181338505216.0000, Train RMSE: 425838.5906, Val RMSE: 331739.0625,
2025-11-04 15:50:16,229 [INFO] __main__: Epoch [180/1000], Train Loss: 175725903872.0000, Train RMSE: 419196.7365, Val RMSE: 325738.8750,
2025-11-04 15:50:16,845 [INFO] __main__: Epoch [190/1000], Train Loss: 170299113472.0000, Train RMSE: 412673.1315, Val RMSE: 321252.7188,
2025-11-04 15:50:17,474 [INFO] __main__: Epoch [200/1000], Train Loss: 165306417152.0000, Train RMSE: 406578.9187, Val RMSE: 318336.4375,
2025-11-04 15:50:18,112 [INFO] __main__: Epoch [210/1000], Train Loss: 160300662784.0000, Train RMSE: 400375.6521, Val RMSE: 316464.7188,
2025-11-04 15:50:18,734 [INFO] __main__: Epoch [220/1000], Train Loss: 152753094656.0000, Train RMSE: 390836.4040, Val RMSE: 314450.4688,
2025-11-04 15:50:19,408 [INFO] __main__: Epoch [230/1000], Train Loss: 153865633792.0000, Train RMSE: 392257.1016, Val RMSE: 312921.9062,
2025-11-04 15:50:20,056 [INFO] __main__: Epoch [240/1000], Train Loss: 153663537152.0000, Train RMSE: 391999.4096, Val RMSE: 310905.1875,
2025-11-04 15:50:20,663 [INFO] __main__: Epoch [250/1000], Train Loss: 147632488448.0000, Train RMSE: 384229.7339, Val RMSE: 309154.8125,
2025-11-04 15:50:21,369 [INFO] __main__: Epoch [260/1000], Train Loss: 143298985984.0000, Train RMSE: 378548.5253, Val RMSE: 307455.5312,
2025-11-04 15:50:21,989 [INFO] __main__: Epoch [270/1000], Train Loss: 144490479616.0000, Train RMSE: 380119.0335, Val RMSE: 305581.8125,
2025-11-04 15:50:22,651 [INFO] __main__: Epoch [280/1000], Train Loss: 137844473856.0000, Train RMSE: 371274.1223, Val RMSE: 304115.4062,
2025-11-04 15:50:23,285 [INFO] __main__: Epoch [290/1000], Train Loss: 137025937408.0000, Train RMSE: 370170.1466, Val RMSE: 303109.6875,
2025-11-04 15:50:23,904 [INFO] __main__: Epoch [300/1000], Train Loss: 133139709952.0000, Train RMSE: 364883.1456, Val RMSE: 301984.6250,
2025-11-04 15:50:24,568 [INFO] __main__: Epoch [310/1000], Train Loss: 132302544896.0000, Train RMSE: 363734.1679, Val RMSE: 301115.9062,
2025-11-04 15:50:25,204 [INFO] __main__: Epoch [320/1000], Train Loss: 132599668736.0000, Train RMSE: 364142.3743, Val RMSE: 300278.4688,
2025-11-04 15:50:25,855 [INFO] __main__: Epoch [330/1000], Train Loss: 128042450944.0000, Train RMSE: 357830.1985, Val RMSE: 299875.8750,
2025-11-04 15:50:26,608 [INFO] __main__: Epoch [340/1000], Train Loss: 128574308352.0000, Train RMSE: 358572.5984, Val RMSE: 298993.1250,
2025-11-04 15:50:27,338 [INFO] __main__: Epoch [350/1000], Train Loss: 127909535744.0000, Train RMSE: 357644.4264, Val RMSE: 298219.4688,
2025-11-04 15:50:28,008 [INFO] __main__: Epoch [360/1000], Train Loss: 127289827328.0000, Train RMSE: 356776.9994, Val RMSE: 298333.2500,
2025-11-04 15:50:28,612 [INFO] __main__: Epoch [370/1000], Train Loss: 118697500672.0000, Train RMSE: 344525.0364, Val RMSE: 298004.8438,
2025-11-04 15:50:29,307 [INFO] __main__: Epoch [380/1000], Train Loss: 123285127168.0000, Train RMSE: 351119.8188, Val RMSE: 297388.5625,
2025-11-04 15:50:29,963 [INFO] __main__: Epoch [390/1000], Train Loss: 122305150976.0000, Train RMSE: 349721.5335, Val RMSE: 297324.5938,
2025-11-04 15:50:30,581 [INFO] __main__: Epoch [400/1000], Train Loss: 120733753344.0000, Train RMSE: 347467.6292, Val RMSE: 296978.5938,
2025-11-04 15:50:31,205 [INFO] __main__: Epoch [410/1000], Train Loss: 121461874688.0000, Train RMSE: 348513.8085, Val RMSE: 296931.7188,
2025-11-04 15:50:31,806 [INFO] __main__: Epoch [420/1000], Train Loss: 120773353472.0000, Train RMSE: 347524.6084, Val RMSE: 297012.0625,
2025-11-04 15:50:32,436 [INFO] __main__: Epoch [430/1000], Train Loss: 117153914880.0000, Train RMSE: 342277.5407, Val RMSE: 297033.6875,
2025-11-04 15:50:33,084 [INFO] __main__: Epoch [440/1000], Train Loss: 121519194112.0000, Train RMSE: 348596.0328, Val RMSE: 295868.8125,
2025-11-04 15:50:33,738 [INFO] __main__: Epoch [450/1000], Train Loss: 115612524544.0000, Train RMSE: 340018.4179, Val RMSE: 296072.4375,
2025-11-04 15:50:34,390 [INFO] __main__: Epoch [460/1000], Train Loss: 119359455232.0000, Train RMSE: 345484.3777, Val RMSE: 296152.0312,
2025-11-04 15:50:35,044 [INFO] __main__: Epoch [470/1000], Train Loss: 115104079872.0000, Train RMSE: 339269.9218, Val RMSE: 296313.5312,
2025-11-04 15:50:35,670 [INFO] __main__: Epoch [480/1000], Train Loss: 115805675520.0000, Train RMSE: 340302.3296, Val RMSE: 295720.7188,
2025-11-04 15:50:36,313 [INFO] __main__: Epoch [490/1000], Train Loss: 111859662848.0000, Train RMSE: 334454.2762, Val RMSE: 295891.6250,
2025-11-04 15:50:36,917 [INFO] __main__: Epoch [500/1000], Train Loss: 111794421760.0000, Train RMSE: 334356.7283, Val RMSE: 295653.6875,
2025-11-04 15:50:37,536 [INFO] __main__: Epoch [510/1000], Train Loss: 114059288576.0000, Train RMSE: 337726.6477, Val RMSE: 295531.8750,
2025-11-04 15:50:38,129 [INFO] __main__: Epoch [520/1000], Train Loss: 113091878912.0000, Train RMSE: 336291.3602, Val RMSE: 295437.9688,
2025-11-04 15:50:38,764 [INFO] __main__: Epoch [530/1000], Train Loss: 113100152832.0000, Train RMSE: 336303.6616, Val RMSE: 295577.6875,
2025-11-04 15:50:39,392 [INFO] __main__: Epoch [540/1000], Train Loss: 110622154752.0000, Train RMSE: 332599.0901, Val RMSE: 295816.8125,
2025-11-04 15:50:40,003 [INFO] __main__: Epoch [550/1000], Train Loss: 111628419072.0000, Train RMSE: 334108.3942, Val RMSE: 295832.8125,
2025-11-04 15:50:40,660 [INFO] __main__: Epoch [560/1000], Train Loss: 107692670976.0000, Train RMSE: 328165.6152, Val RMSE: 295667.2188,
2025-11-04 15:50:41,306 [INFO] __main__: Epoch [570/1000], Train Loss: 110012776448.0000, Train RMSE: 331681.7397, Val RMSE: 295691.1562,
2025-11-04 15:50:41,961 [INFO] __main__: Epoch [580/1000], Train Loss: 109780008960.0000, Train RMSE: 331330.6641, Val RMSE: 295366.7188,
2025-11-04 15:50:42,591 [INFO] __main__: Epoch [590/1000], Train Loss: 111112658944.0000, Train RMSE: 333335.6551, Val RMSE: 295559.5000,
2025-11-04 15:50:43,184 [INFO] __main__: Epoch [600/1000], Train Loss: 110096015360.0000, Train RMSE: 331807.1961, Val RMSE: 296518.2500,
2025-11-04 15:50:43,818 [INFO] __main__: Epoch [610/1000], Train Loss: 108380553216.0000, Train RMSE: 329212.0186, Val RMSE: 296468.3750,
2025-11-04 15:50:44,448 [INFO] __main__: Epoch [620/1000], Train Loss: 110812971008.0000, Train RMSE: 332885.8228, Val RMSE: 296989.2812,
2025-11-04 15:50:45,070 [INFO] __main__: Epoch [630/1000], Train Loss: 110230462464.0000, Train RMSE: 332009.7325, Val RMSE: 296023.4688,
2025-11-04 15:50:45,679 [INFO] __main__: Epoch [640/1000], Train Loss: 105785098240.0000, Train RMSE: 325246.2117, Val RMSE: 295964.0000,
2025-11-04 15:50:46,309 [INFO] __main__: Epoch [650/1000], Train Loss: 105749667840.0000, Train RMSE: 325191.7401, Val RMSE: 296650.8750,
2025-11-04 15:50:46,946 [INFO] __main__: Epoch [660/1000], Train Loss: 107580989440.0000, Train RMSE: 327995.4107, Val RMSE: 296715.5000,
2025-11-04 15:50:47,593 [INFO] __main__: Epoch [670/1000], Train Loss: 109753982976.0000, Train RMSE: 331291.3868, Val RMSE: 297201.5000,
2025-11-04 15:50:48,199 [INFO] __main__: Epoch [680/1000], Train Loss: 105312804864.0000, Train RMSE: 324519.3444, Val RMSE: 296899.6875,
2025-11-04 15:50:48,864 [INFO] __main__: Epoch [690/1000], Train Loss: 110126161920.0000, Train RMSE: 331852.6208, Val RMSE: 297038.1875,
2025-11-04 15:50:49,487 [INFO] __main__: Epoch [700/1000], Train Loss: 105792053248.0000, Train RMSE: 325256.9035, Val RMSE: 297186.4375,
2025-11-04 15:50:50,094 [INFO] __main__: Epoch [710/1000], Train Loss: 103709802496.0000, Train RMSE: 322040.0635, Val RMSE: 296681.0000,
2025-11-04 15:50:50,699 [INFO] __main__: Epoch [720/1000], Train Loss: 105921945600.0000, Train RMSE: 325456.5188, Val RMSE: 297183.3125,
2025-11-04 15:50:51,293 [INFO] __main__: Epoch [730/1000], Train Loss: 105199362048.0000, Train RMSE: 324344.5114, Val RMSE: 297192.3438,
2025-11-04 15:50:51,937 [INFO] __main__: Epoch [740/1000], Train Loss: 107799003136.0000, Train RMSE: 328327.5851, Val RMSE: 297361.0312,
2025-11-04 15:50:52,572 [INFO] __main__: Epoch [750/1000], Train Loss: 108858277888.0000, Train RMSE: 329936.7786, Val RMSE: 297057.4688,
2025-11-04 15:50:53,200 [INFO] __main__: Epoch [760/1000], Train Loss: 105432539136.0000, Train RMSE: 324703.7714, Val RMSE: 297299.7812,
2025-11-04 15:50:53,840 [INFO] __main__: Epoch [770/1000], Train Loss: 103454171136.0000, Train RMSE: 321642.9249, Val RMSE: 298293.2188,
2025-11-04 15:50:54,463 [INFO] __main__: Epoch [780/1000], Train Loss: 103411449856.0000, Train RMSE: 321576.5070, Val RMSE: 298182.9688,
2025-11-04 15:50:55,095 [INFO] __main__: Epoch [790/1000], Train Loss: 105651773440.0000, Train RMSE: 325041.1873, Val RMSE: 297951.4375,
2025-11-04 15:50:55,702 [INFO] __main__: Epoch [800/1000], Train Loss: 106314932224.0000, Train RMSE: 326059.7065, Val RMSE: 298446.2812,
2025-11-04 15:50:56,363 [INFO] __main__: Epoch [810/1000], Train Loss: 107923079168.0000, Train RMSE: 328516.4823, Val RMSE: 298507.0938,
2025-11-04 15:50:57,050 [INFO] __main__: Epoch [820/1000], Train Loss: 100699791360.0000, Train RMSE: 317332.3043, Val RMSE: 298461.8125,
2025-11-04 15:50:57,768 [INFO] __main__: Epoch [830/1000], Train Loss: 100889272320.0000, Train RMSE: 317630.7169, Val RMSE: 298597.0625,
2025-11-04 15:50:58,429 [INFO] __main__: Epoch [840/1000], Train Loss: 103685103616.0000, Train RMSE: 322001.7137, Val RMSE: 298795.0000,
2025-11-04 15:50:59,077 [INFO] __main__: Epoch [850/1000], Train Loss: 104954019840.0000, Train RMSE: 323966.0782, Val RMSE: 299440.5000,
2025-11-04 15:50:59,763 [INFO] __main__: Epoch [860/1000], Train Loss: 103472553984.0000, Train RMSE: 321671.5001, Val RMSE: 300350.8438,
2025-11-04 15:51:00,502 [INFO] __main__: Epoch [870/1000], Train Loss: 102560481280.0000, Train RMSE: 320250.6538, Val RMSE: 299710.7500,
2025-11-04 15:51:01,294 [INFO] __main__: Epoch [880/1000], Train Loss: 103422255104.0000, Train RMSE: 321593.3070, Val RMSE: 299806.9375,
2025-11-04 15:51:02,056 [INFO] __main__: Epoch [890/1000], Train Loss: 102282444800.0000, Train RMSE: 319816.2673, Val RMSE: 300558.7500,
2025-11-04 15:51:02,878 [INFO] __main__: Epoch [900/1000], Train Loss: 100671627264.0000, Train RMSE: 317287.9249, Val RMSE: 299223.2812,
2025-11-04 15:51:03,659 [INFO] __main__: Epoch [910/1000], Train Loss: 100175749120.0000, Train RMSE: 316505.5278, Val RMSE: 298787.2500,
2025-11-04 15:51:04,385 [INFO] __main__: Epoch [920/1000], Train Loss: 104356118528.0000, Train RMSE: 323041.9764, Val RMSE: 300954.1250,
2025-11-04 15:51:05,117 [INFO] __main__: Epoch [930/1000], Train Loss: 103261454336.0000, Train RMSE: 321343.2033, Val RMSE: 300846.3125,
2025-11-04 15:51:05,875 [INFO] __main__: Epoch [940/1000], Train Loss: 101535129600.0000, Train RMSE: 318645.7745, Val RMSE: 301534.0938,
2025-11-04 15:51:06,624 [INFO] __main__: Epoch [950/1000], Train Loss: 104446869504.0000, Train RMSE: 323182.4090, Val RMSE: 300580.0625,
2025-11-04 15:51:07,349 [INFO] __main__: Epoch [960/1000], Train Loss: 99968638976.0000, Train RMSE: 316178.1760, Val RMSE: 302396.3125,
2025-11-04 15:51:08,075 [INFO] __main__: Epoch [970/1000], Train Loss: 103533207552.0000, Train RMSE: 321765.7650, Val RMSE: 302707.2500,
2025-11-04 15:51:08,775 [INFO] __main__: Epoch [980/1000], Train Loss: 97809137664.0000, Train RMSE: 312744.5246, Val RMSE: 300964.4062,
2025-11-04 15:51:09,409 [INFO] __main__: Epoch [990/1000], Train Loss: 104357142528.0000, Train RMSE: 323043.5613, Val RMSE: 301916.5938,
2025-11-04 15:51:10,002 [INFO] __main__: Epoch [1000/1000], Train Loss: 99700244480.0000, Train RMSE: 315753.4552, Val RMSE: 302493.0000,
2025-11-04 15:51:10,005 [INFO] __main__: Test RMSE: 427531.6875, Test MAE: 168434.1406
2025-11-04 15:51:10,005 [INFO] src.model: Creating model with input_dim=10, hidden_sizes=None
2025-11-04 15:51:10,006 [INFO] src.model: Creating model with input_dim=10, hidden_sizes=None
2025-11-04 15:51:10,006 [INFO] src.model: Creating model with input_dim=10, hidden_sizes=None
2025-11-04 15:51:10,012 [INFO] __main__: Model saved to models\car_price_model
